This is pdfTeX, Version 3.14159265-2.6-1.40.16 (TeX Live 2015/Debian) (preloaded format=pdflatex 2017.10.5)  24 OCT 2017 20:40
entering extended mode
 restricted \write18 enabled.
 %&-line parsing enabled.
**ociamthesismain.tex
(./ociamthesismain.tex
LaTeX2e <2016/02/01>
Babel <3.9q> and hyphenation patterns for 6 language(s) loaded.
(./ociamthesis.cls
Document Class: ociamthesis 2010/11/22 v2.2 OCIAM thesis class
(/usr/share/texlive/texmf-dist/tex/latex/base/report.cls
Document Class: report 2014/09/29 v1.4h Standard LaTeX document class
(/usr/share/texlive/texmf-dist/tex/latex/base/size12.clo
File: size12.clo 2014/09/29 v1.4h Standard LaTeX file (size option)
)
\c@part=\count79
\c@chapter=\count80
\c@section=\count81
\c@subsection=\count82
\c@subsubsection=\count83
\c@paragraph=\count84
\c@subparagraph=\count85
\c@figure=\count86
\c@table=\count87
\abovecaptionskip=\skip41
\belowcaptionskip=\skip42
\bibindent=\dimen102
)
(/usr/share/texlive/texmf-dist/tex/latex/graphics/graphicx.sty
Package: graphicx 2014/10/28 v1.0g Enhanced LaTeX Graphics (DPC,SPQR)

(/usr/share/texlive/texmf-dist/tex/latex/graphics/keyval.sty
Package: keyval 2014/10/28 v1.15 key=value parser (DPC)
\KV@toks@=\toks14
)
(/usr/share/texlive/texmf-dist/tex/latex/graphics/graphics.sty
Package: graphics 2016/01/03 v1.0q Standard LaTeX Graphics (DPC,SPQR)

(/usr/share/texlive/texmf-dist/tex/latex/graphics/trig.sty
Package: trig 2016/01/03 v1.10 sin cos tan (DPC)
)
(/usr/share/texlive/texmf-dist/tex/latex/latexconfig/graphics.cfg
File: graphics.cfg 2010/04/23 v1.9 graphics configuration of TeX Live
)
Package graphics Info: Driver file: pdftex.def on input line 95.

(/usr/share/texlive/texmf-dist/tex/latex/pdftex-def/pdftex.def
File: pdftex.def 2011/05/27 v0.06d Graphics/color for pdfTeX

(/usr/share/texlive/texmf-dist/tex/generic/oberdiek/infwarerr.sty
Package: infwarerr 2010/04/08 v1.3 Providing info/warning/error messages (HO)
)
(/usr/share/texlive/texmf-dist/tex/generic/oberdiek/ltxcmds.sty
Package: ltxcmds 2011/11/09 v1.22 LaTeX kernel commands for general use (HO)
)
\Gread@gobject=\count88
))
\Gin@req@height=\dimen103
\Gin@req@width=\dimen104
)
(/usr/share/texlive/texmf-dist/tex/latex/base/ifthen.sty
Package: ifthen 2014/09/29 v1.1c Standard LaTeX ifthen package (DPC)
))
(/usr/share/texlive/texmf-dist/tex/generic/babel/babel.sty
Package: babel 2016/02/24 3.9q The Babel package

(/usr/share/texlive/texmf-dist/tex/generic/babel-spanish/spanish.ldf
Language: spanish.ldf 2016/01/15 v5.0o Spanish support from the babel system

(/usr/share/texlive/texmf-dist/tex/generic/babel/babel.def
File: babel.def 2016/02/24 3.9q Babel common definitions
\babel@savecnt=\count89
\U@D=\dimen105
)
\es@quottoks=\toks15
\es@quotdepth=\count90
Package babel Info: Making " an active character on input line 533.
Package babel Info: Making . an active character on input line 634.
Package babel Info: Making < an active character on input line 679.
Package babel Info: Making > an active character on input line 679.
))
(/usr/share/texlive/texmf-dist/tex/latex/base/inputenc.sty
Package: inputenc 2015/03/17 v1.2c Input encoding file
\inpenc@prehook=\toks16
\inpenc@posthook=\toks17

(/usr/share/texlive/texmf-dist/tex/latex/base/utf8.def
File: utf8.def 2015/12/03 v1.1r UTF-8 support for inputenc
Now handling font encoding OML ...
... no UTF-8 mapping file for font encoding OML
Now handling font encoding T1 ...
... processing UTF-8 mapping file for font encoding T1

(/usr/share/texlive/texmf-dist/tex/latex/base/t1enc.dfu
File: t1enc.dfu 2015/12/03 v1.1r UTF-8 support for inputenc
   defining Unicode char U+00A0 (decimal 160)
   defining Unicode char U+00A1 (decimal 161)
   defining Unicode char U+00A3 (decimal 163)
   defining Unicode char U+00AB (decimal 171)
   defining Unicode char U+00AD (decimal 173)
   defining Unicode char U+00BB (decimal 187)
   defining Unicode char U+00BF (decimal 191)
   defining Unicode char U+00C0 (decimal 192)
   defining Unicode char U+00C1 (decimal 193)
   defining Unicode char U+00C2 (decimal 194)
   defining Unicode char U+00C3 (decimal 195)
   defining Unicode char U+00C4 (decimal 196)
   defining Unicode char U+00C5 (decimal 197)
   defining Unicode char U+00C6 (decimal 198)
   defining Unicode char U+00C7 (decimal 199)
   defining Unicode char U+00C8 (decimal 200)
   defining Unicode char U+00C9 (decimal 201)
   defining Unicode char U+00CA (decimal 202)
   defining Unicode char U+00CB (decimal 203)
   defining Unicode char U+00CC (decimal 204)
   defining Unicode char U+00CD (decimal 205)
   defining Unicode char U+00CE (decimal 206)
   defining Unicode char U+00CF (decimal 207)
   defining Unicode char U+00D0 (decimal 208)
   defining Unicode char U+00D1 (decimal 209)
   defining Unicode char U+00D2 (decimal 210)
   defining Unicode char U+00D3 (decimal 211)
   defining Unicode char U+00D4 (decimal 212)
   defining Unicode char U+00D5 (decimal 213)
   defining Unicode char U+00D6 (decimal 214)
   defining Unicode char U+00D8 (decimal 216)
   defining Unicode char U+00D9 (decimal 217)
   defining Unicode char U+00DA (decimal 218)
   defining Unicode char U+00DB (decimal 219)
   defining Unicode char U+00DC (decimal 220)
   defining Unicode char U+00DD (decimal 221)
   defining Unicode char U+00DE (decimal 222)
   defining Unicode char U+00DF (decimal 223)
   defining Unicode char U+00E0 (decimal 224)
   defining Unicode char U+00E1 (decimal 225)
   defining Unicode char U+00E2 (decimal 226)
   defining Unicode char U+00E3 (decimal 227)
   defining Unicode char U+00E4 (decimal 228)
   defining Unicode char U+00E5 (decimal 229)
   defining Unicode char U+00E6 (decimal 230)
   defining Unicode char U+00E7 (decimal 231)
   defining Unicode char U+00E8 (decimal 232)
   defining Unicode char U+00E9 (decimal 233)
   defining Unicode char U+00EA (decimal 234)
   defining Unicode char U+00EB (decimal 235)
   defining Unicode char U+00EC (decimal 236)
   defining Unicode char U+00ED (decimal 237)
   defining Unicode char U+00EE (decimal 238)
   defining Unicode char U+00EF (decimal 239)
   defining Unicode char U+00F0 (decimal 240)
   defining Unicode char U+00F1 (decimal 241)
   defining Unicode char U+00F2 (decimal 242)
   defining Unicode char U+00F3 (decimal 243)
   defining Unicode char U+00F4 (decimal 244)
   defining Unicode char U+00F5 (decimal 245)
   defining Unicode char U+00F6 (decimal 246)
   defining Unicode char U+00F8 (decimal 248)
   defining Unicode char U+00F9 (decimal 249)
   defining Unicode char U+00FA (decimal 250)
   defining Unicode char U+00FB (decimal 251)
   defining Unicode char U+00FC (decimal 252)
   defining Unicode char U+00FD (decimal 253)
   defining Unicode char U+00FE (decimal 254)
   defining Unicode char U+00FF (decimal 255)
   defining Unicode char U+0100 (decimal 256)
   defining Unicode char U+0101 (decimal 257)
   defining Unicode char U+0102 (decimal 258)
   defining Unicode char U+0103 (decimal 259)
   defining Unicode char U+0104 (decimal 260)
   defining Unicode char U+0105 (decimal 261)
   defining Unicode char U+0106 (decimal 262)
   defining Unicode char U+0107 (decimal 263)
   defining Unicode char U+0108 (decimal 264)
   defining Unicode char U+0109 (decimal 265)
   defining Unicode char U+010A (decimal 266)
   defining Unicode char U+010B (decimal 267)
   defining Unicode char U+010C (decimal 268)
   defining Unicode char U+010D (decimal 269)
   defining Unicode char U+010E (decimal 270)
   defining Unicode char U+010F (decimal 271)
   defining Unicode char U+0110 (decimal 272)
   defining Unicode char U+0111 (decimal 273)
   defining Unicode char U+0112 (decimal 274)
   defining Unicode char U+0113 (decimal 275)
   defining Unicode char U+0114 (decimal 276)
   defining Unicode char U+0115 (decimal 277)
   defining Unicode char U+0116 (decimal 278)
   defining Unicode char U+0117 (decimal 279)
   defining Unicode char U+0118 (decimal 280)
   defining Unicode char U+0119 (decimal 281)
   defining Unicode char U+011A (decimal 282)
   defining Unicode char U+011B (decimal 283)
   defining Unicode char U+011C (decimal 284)
   defining Unicode char U+011D (decimal 285)
   defining Unicode char U+011E (decimal 286)
   defining Unicode char U+011F (decimal 287)
   defining Unicode char U+0120 (decimal 288)
   defining Unicode char U+0121 (decimal 289)
   defining Unicode char U+0122 (decimal 290)
   defining Unicode char U+0123 (decimal 291)
   defining Unicode char U+0124 (decimal 292)
   defining Unicode char U+0125 (decimal 293)
   defining Unicode char U+0128 (decimal 296)
   defining Unicode char U+0129 (decimal 297)
   defining Unicode char U+012A (decimal 298)
   defining Unicode char U+012B (decimal 299)
   defining Unicode char U+012C (decimal 300)
   defining Unicode char U+012D (decimal 301)
   defining Unicode char U+012E (decimal 302)
   defining Unicode char U+012F (decimal 303)
   defining Unicode char U+0130 (decimal 304)
   defining Unicode char U+0131 (decimal 305)
   defining Unicode char U+0132 (decimal 306)
   defining Unicode char U+0133 (decimal 307)
   defining Unicode char U+0134 (decimal 308)
   defining Unicode char U+0135 (decimal 309)
   defining Unicode char U+0136 (decimal 310)
   defining Unicode char U+0137 (decimal 311)
   defining Unicode char U+0139 (decimal 313)
   defining Unicode char U+013A (decimal 314)
   defining Unicode char U+013B (decimal 315)
   defining Unicode char U+013C (decimal 316)
   defining Unicode char U+013D (decimal 317)
   defining Unicode char U+013E (decimal 318)
   defining Unicode char U+0141 (decimal 321)
   defining Unicode char U+0142 (decimal 322)
   defining Unicode char U+0143 (decimal 323)
   defining Unicode char U+0144 (decimal 324)
   defining Unicode char U+0145 (decimal 325)
   defining Unicode char U+0146 (decimal 326)
   defining Unicode char U+0147 (decimal 327)
   defining Unicode char U+0148 (decimal 328)
   defining Unicode char U+014A (decimal 330)
   defining Unicode char U+014B (decimal 331)
   defining Unicode char U+014C (decimal 332)
   defining Unicode char U+014D (decimal 333)
   defining Unicode char U+014E (decimal 334)
   defining Unicode char U+014F (decimal 335)
   defining Unicode char U+0150 (decimal 336)
   defining Unicode char U+0151 (decimal 337)
   defining Unicode char U+0152 (decimal 338)
   defining Unicode char U+0153 (decimal 339)
   defining Unicode char U+0154 (decimal 340)
   defining Unicode char U+0155 (decimal 341)
   defining Unicode char U+0156 (decimal 342)
   defining Unicode char U+0157 (decimal 343)
   defining Unicode char U+0158 (decimal 344)
   defining Unicode char U+0159 (decimal 345)
   defining Unicode char U+015A (decimal 346)
   defining Unicode char U+015B (decimal 347)
   defining Unicode char U+015C (decimal 348)
   defining Unicode char U+015D (decimal 349)
   defining Unicode char U+015E (decimal 350)
   defining Unicode char U+015F (decimal 351)
   defining Unicode char U+0160 (decimal 352)
   defining Unicode char U+0161 (decimal 353)
   defining Unicode char U+0162 (decimal 354)
   defining Unicode char U+0163 (decimal 355)
   defining Unicode char U+0164 (decimal 356)
   defining Unicode char U+0165 (decimal 357)
   defining Unicode char U+0168 (decimal 360)
   defining Unicode char U+0169 (decimal 361)
   defining Unicode char U+016A (decimal 362)
   defining Unicode char U+016B (decimal 363)
   defining Unicode char U+016C (decimal 364)
   defining Unicode char U+016D (decimal 365)
   defining Unicode char U+016E (decimal 366)
   defining Unicode char U+016F (decimal 367)
   defining Unicode char U+0170 (decimal 368)
   defining Unicode char U+0171 (decimal 369)
   defining Unicode char U+0172 (decimal 370)
   defining Unicode char U+0173 (decimal 371)
   defining Unicode char U+0174 (decimal 372)
   defining Unicode char U+0175 (decimal 373)
   defining Unicode char U+0176 (decimal 374)
   defining Unicode char U+0177 (decimal 375)
   defining Unicode char U+0178 (decimal 376)
   defining Unicode char U+0179 (decimal 377)
   defining Unicode char U+017A (decimal 378)
   defining Unicode char U+017B (decimal 379)
   defining Unicode char U+017C (decimal 380)
   defining Unicode char U+017D (decimal 381)
   defining Unicode char U+017E (decimal 382)
   defining Unicode char U+01CD (decimal 461)
   defining Unicode char U+01CE (decimal 462)
   defining Unicode char U+01CF (decimal 463)
   defining Unicode char U+01D0 (decimal 464)
   defining Unicode char U+01D1 (decimal 465)
   defining Unicode char U+01D2 (decimal 466)
   defining Unicode char U+01D3 (decimal 467)
   defining Unicode char U+01D4 (decimal 468)
   defining Unicode char U+01E2 (decimal 482)
   defining Unicode char U+01E3 (decimal 483)
   defining Unicode char U+01E6 (decimal 486)
   defining Unicode char U+01E7 (decimal 487)
   defining Unicode char U+01E8 (decimal 488)
   defining Unicode char U+01E9 (decimal 489)
   defining Unicode char U+01EA (decimal 490)
   defining Unicode char U+01EB (decimal 491)
   defining Unicode char U+01F0 (decimal 496)
   defining Unicode char U+01F4 (decimal 500)
   defining Unicode char U+01F5 (decimal 501)
   defining Unicode char U+0218 (decimal 536)
   defining Unicode char U+0219 (decimal 537)
   defining Unicode char U+021A (decimal 538)
   defining Unicode char U+021B (decimal 539)
   defining Unicode char U+01E02 (decimal 7682)
   defining Unicode char U+01E03 (decimal 7683)
   defining Unicode char U+200C (decimal 8204)
   defining Unicode char U+2013 (decimal 8211)
   defining Unicode char U+2014 (decimal 8212)
   defining Unicode char U+2018 (decimal 8216)
   defining Unicode char U+2019 (decimal 8217)
   defining Unicode char U+201A (decimal 8218)
   defining Unicode char U+201C (decimal 8220)
   defining Unicode char U+201D (decimal 8221)
   defining Unicode char U+201E (decimal 8222)
   defining Unicode char U+2030 (decimal 8240)
   defining Unicode char U+2031 (decimal 8241)
   defining Unicode char U+2039 (decimal 8249)
   defining Unicode char U+203A (decimal 8250)
   defining Unicode char U+2423 (decimal 9251)
)
Now handling font encoding OT1 ...
... processing UTF-8 mapping file for font encoding OT1

(/usr/share/texlive/texmf-dist/tex/latex/base/ot1enc.dfu
File: ot1enc.dfu 2015/12/03 v1.1r UTF-8 support for inputenc
   defining Unicode char U+00A0 (decimal 160)
   defining Unicode char U+00A1 (decimal 161)
   defining Unicode char U+00A3 (decimal 163)
   defining Unicode char U+00AD (decimal 173)
   defining Unicode char U+00B8 (decimal 184)
   defining Unicode char U+00BF (decimal 191)
   defining Unicode char U+00C5 (decimal 197)
   defining Unicode char U+00C6 (decimal 198)
   defining Unicode char U+00D8 (decimal 216)
   defining Unicode char U+00DF (decimal 223)
   defining Unicode char U+00E6 (decimal 230)
   defining Unicode char U+00EC (decimal 236)
   defining Unicode char U+00ED (decimal 237)
   defining Unicode char U+00EE (decimal 238)
   defining Unicode char U+00EF (decimal 239)
   defining Unicode char U+00F8 (decimal 248)
   defining Unicode char U+0131 (decimal 305)
   defining Unicode char U+0141 (decimal 321)
   defining Unicode char U+0142 (decimal 322)
   defining Unicode char U+0152 (decimal 338)
   defining Unicode char U+0153 (decimal 339)
   defining Unicode char U+0174 (decimal 372)
   defining Unicode char U+0175 (decimal 373)
   defining Unicode char U+0176 (decimal 374)
   defining Unicode char U+0177 (decimal 375)
   defining Unicode char U+0218 (decimal 536)
   defining Unicode char U+0219 (decimal 537)
   defining Unicode char U+021A (decimal 538)
   defining Unicode char U+021B (decimal 539)
   defining Unicode char U+2013 (decimal 8211)
   defining Unicode char U+2014 (decimal 8212)
   defining Unicode char U+2018 (decimal 8216)
   defining Unicode char U+2019 (decimal 8217)
   defining Unicode char U+201C (decimal 8220)
   defining Unicode char U+201D (decimal 8221)
)
Now handling font encoding OMS ...
... processing UTF-8 mapping file for font encoding OMS

(/usr/share/texlive/texmf-dist/tex/latex/base/omsenc.dfu
File: omsenc.dfu 2015/12/03 v1.1r UTF-8 support for inputenc
   defining Unicode char U+00A7 (decimal 167)
   defining Unicode char U+00B6 (decimal 182)
   defining Unicode char U+00B7 (decimal 183)
   defining Unicode char U+2020 (decimal 8224)
   defining Unicode char U+2021 (decimal 8225)
   defining Unicode char U+2022 (decimal 8226)
)
Now handling font encoding OMX ...
... no UTF-8 mapping file for font encoding OMX
Now handling font encoding U ...
... no UTF-8 mapping file for font encoding U
   defining Unicode char U+00A9 (decimal 169)
   defining Unicode char U+00AA (decimal 170)
   defining Unicode char U+00AE (decimal 174)
   defining Unicode char U+00BA (decimal 186)
   defining Unicode char U+02C6 (decimal 710)
   defining Unicode char U+02DC (decimal 732)
   defining Unicode char U+200C (decimal 8204)
   defining Unicode char U+2026 (decimal 8230)
   defining Unicode char U+2122 (decimal 8482)
   defining Unicode char U+2423 (decimal 9251)
))
(/usr/share/texlive/texmf-dist/tex/latex/float/float.sty
Package: float 2001/11/08 v1.3d Float enhancements (AL)
\c@float@type=\count91
\float@exts=\toks18
\float@box=\box26
\@float@everytoks=\toks19
\@floatcapt=\box27
)
(/usr/share/texlive/texmf-dist/tex/latex/amsfonts/amssymb.sty
Package: amssymb 2013/01/14 v3.01 AMS font symbols

(/usr/share/texlive/texmf-dist/tex/latex/amsfonts/amsfonts.sty
Package: amsfonts 2013/01/14 v3.01 Basic AMSFonts support
\@emptytoks=\toks20
\symAMSa=\mathgroup4
\symAMSb=\mathgroup5
LaTeX Font Info:    Overwriting math alphabet `\mathfrak' in version `bold'
(Font)                  U/euf/m/n --> U/euf/b/n on input line 106.
))
(/usr/share/texlive/texmf-dist/tex/latex/listings/listings.sty
\lst@mode=\count92
\lst@gtempboxa=\box28
\lst@token=\toks21
\lst@length=\count93
\lst@currlwidth=\dimen106
\lst@column=\count94
\lst@pos=\count95
\lst@lostspace=\dimen107
\lst@width=\dimen108
\lst@newlines=\count96
\lst@lineno=\count97
\lst@maxwidth=\dimen109

(/usr/share/texlive/texmf-dist/tex/latex/listings/lstmisc.sty
File: lstmisc.sty 2015/06/04 1.6 (Carsten Heinz)
\c@lstnumber=\count98
\lst@skipnumbers=\count99
\lst@framebox=\box29
)
(/usr/share/texlive/texmf-dist/tex/latex/listings/listings.cfg
File: listings.cfg 2015/06/04 1.6 listings configuration
))
Package: listings 2015/06/04 1.6 (Carsten Heinz)

(/usr/share/texlive/texmf-dist/tex/latex/xcolor/xcolor.sty
Package: xcolor 2007/01/21 v2.11 LaTeX color extensions (UK)

(/usr/share/texlive/texmf-dist/tex/latex/latexconfig/color.cfg
File: color.cfg 2007/01/18 v1.5 color configuration of teTeX/TeXLive
)
Package xcolor Info: Driver file: pdftex.def on input line 225.
Package xcolor Info: Model `cmy' substituted by `cmy0' on input line 1337.
Package xcolor Info: Model `hsb' substituted by `rgb' on input line 1341.
Package xcolor Info: Model `RGB' extended on input line 1353.
Package xcolor Info: Model `HTML' substituted by `rgb' on input line 1355.
Package xcolor Info: Model `Hsb' substituted by `hsb' on input line 1356.
Package xcolor Info: Model `tHsb' substituted by `hsb' on input line 1357.
Package xcolor Info: Model `HSB' substituted by `hsb' on input line 1358.
Package xcolor Info: Model `Gray' substituted by `gray' on input line 1359.
Package xcolor Info: Model `wave' substituted by `hsb' on input line 1360.
)
(./ociamthesismain.aux
LaTeX Info: Redefining \. on input line 6.
LaTeX Info: Redefining \% on input line 6.


LaTeX Warning: Label `fig:mesh1' multiply defined.


LaTeX Warning: Label `clasificacion_consulta_cc_uc' multiply defined.

)
\openout1 = `ociamthesismain.aux'.

LaTeX Font Info:    Checking defaults for OML/cmm/m/it on input line 17.
LaTeX Font Info:    ... okay on input line 17.
LaTeX Font Info:    Checking defaults for T1/cmr/m/n on input line 17.
LaTeX Font Info:    ... okay on input line 17.
LaTeX Font Info:    Checking defaults for OT1/cmr/m/n on input line 17.
LaTeX Font Info:    ... okay on input line 17.
LaTeX Font Info:    Checking defaults for OMS/cmsy/m/n on input line 17.
LaTeX Font Info:    ... okay on input line 17.
LaTeX Font Info:    Checking defaults for OMX/cmex/m/n on input line 17.
LaTeX Font Info:    ... okay on input line 17.
LaTeX Font Info:    Checking defaults for U/cmr/m/n on input line 17.
LaTeX Font Info:    ... okay on input line 17.
 (/usr/share/texlive/texmf-dist/tex/context/base/supp-pdf.mkii
[Loading MPS to PDF converter (version 2006.09.02).]
\scratchcounter=\count100
\scratchdimen=\dimen110
\scratchbox=\box30
\nofMPsegments=\count101
\nofMParguments=\count102
\everyMPshowfont=\toks22
\MPscratchCnt=\count103
\MPscratchDim=\dimen111
\MPnumerator=\count104
\makeMPintoPDFobject=\count105
\everyMPtoPDFconversion=\toks23
) (/usr/share/texlive/texmf-dist/tex/generic/oberdiek/pdftexcmds.sty
Package: pdftexcmds 2011/11/29 v0.20 Utility functions of pdfTeX for LuaTeX (HO
)

(/usr/share/texlive/texmf-dist/tex/generic/oberdiek/ifluatex.sty
Package: ifluatex 2010/03/01 v1.3 Provides the ifluatex switch (HO)
Package ifluatex Info: LuaTeX not detected.
)
(/usr/share/texlive/texmf-dist/tex/generic/oberdiek/ifpdf.sty
Package: ifpdf 2011/01/30 v2.3 Provides the ifpdf switch (HO)
Package ifpdf Info: pdfTeX in PDF mode is detected.
)
Package pdftexcmds Info: LuaTeX not detected.
Package pdftexcmds Info: \pdf@primitive is available.
Package pdftexcmds Info: \pdf@ifprimitive is available.
Package pdftexcmds Info: \pdfdraftmode found.
)
(/usr/share/texlive/texmf-dist/tex/latex/oberdiek/epstopdf-base.sty
Package: epstopdf-base 2010/02/09 v2.5 Base part for package epstopdf

(/usr/share/texlive/texmf-dist/tex/latex/oberdiek/grfext.sty
Package: grfext 2010/08/19 v1.1 Manage graphics extensions (HO)

(/usr/share/texlive/texmf-dist/tex/generic/oberdiek/kvdefinekeys.sty
Package: kvdefinekeys 2011/04/07 v1.3 Define keys (HO)
))
(/usr/share/texlive/texmf-dist/tex/latex/oberdiek/kvoptions.sty
Package: kvoptions 2011/06/30 v3.11 Key value format for package options (HO)

(/usr/share/texlive/texmf-dist/tex/generic/oberdiek/kvsetkeys.sty
Package: kvsetkeys 2012/04/25 v1.16 Key value parser (HO)

(/usr/share/texlive/texmf-dist/tex/generic/oberdiek/etexcmds.sty
Package: etexcmds 2011/02/16 v1.5 Avoid name clashes with e-TeX commands (HO)
Package etexcmds Info: Could not find \expanded.
(etexcmds)             That can mean that you are not using pdfTeX 1.50 or
(etexcmds)             that some package has redefined \expanded.
(etexcmds)             In the latter case, load this package earlier.
)))
Package grfext Info: Graphics extension search list:
(grfext)             [.png,.pdf,.jpg,.mps,.jpeg,.jbig2,.jb2,.PNG,.PDF,.JPG,.JPE
G,.JBIG2,.JB2,.eps]
(grfext)             \AppendGraphicsExtensions on input line 452.

(/usr/share/texlive/texmf-dist/tex/latex/latexconfig/epstopdf-sys.cfg
File: epstopdf-sys.cfg 2010/07/13 v1.3 Configuration of (r)epstopdf for TeX Liv
e
))
LaTeX Info: Redefining \. on input line 17.
LaTeX Info: Redefining \% on input line 17.
\c@lstlisting=\count106

<logo2.png, id=1, 9.45532pt x 9.03375pt>
File: logo2.png Graphic file (type png)
 <use logo2.png>
Package pdftex.def Info: logo2.png used on input line 66.
(pdftex.def)             Requested size: 142.26378pt x 135.95166pt.
 [1

{/var/lib/texmf/fonts/map/pdftex/updmap/pdftex.map} <./logo2.png>] (./ociamthes
ismain.toc
LaTeX Info: Redefining \. on input line 1.
LaTeX Info: Redefining \% on input line 1.
LaTeX Font Info:    Try loading font information for U+msa on input line 3.

(/usr/share/texlive/texmf-dist/tex/latex/amsfonts/umsa.fd
File: umsa.fd 2013/01/14 v3.01 AMS symbols A
)
LaTeX Font Info:    Try loading font information for U+msb on input line 3.

(/usr/share/texlive/texmf-dist/tex/latex/amsfonts/umsb.fd
File: umsb.fd 2013/01/14 v3.01 AMS symbols B
) [1


])
\tf@toc=\write3
\openout3 = `ociamthesismain.toc'.

 [2]
(./ociamthesismain.lof
LaTeX Info: Redefining \. on input line 1.
LaTeX Info: Redefining \% on input line 1.

Overfull \hbox (4.97275pt too wide) in paragraph at lines 13--13
 [][] []\OT1/cmr/m/n/12 Frecuencia de con-sul-ta pe-ri^^Sodi-ca: ``18 de Sep-ti
em-bre'' (2004-2016). Fuen- 
 []

[3

])
\tf@lof=\write4
\openout4 = `ociamthesismain.lof'.

 [4] (./ociamthesismain.lot
LaTeX Info: Redefining \. on input line 1.
LaTeX Info: Redefining \% on input line 1.
)
\tf@lot=\write5
\openout5 = `ociamthesismain.lot'.

 [5

]
Cap\'{\i }tulo 1.

Underfull \hbox (badness 10000) in paragraph at lines 98--99

 []


Underfull \hbox (badness 10000) in paragraph at lines 100--101

 []

[1


]
Underfull \hbox (badness 10000) in paragraph at lines 102--103

 []


Underfull \hbox (badness 10000) in paragraph at lines 104--105

 []

[2]
Underfull \hbox (badness 10000) in paragraph at lines 113--114

 []


Underfull \hbox (badness 10000) in paragraph at lines 115--116

 []


Underfull \hbox (badness 10000) in paragraph at lines 116--117

 []


Underfull \hbox (badness 10000) in paragraph at lines 121--122

 []

[3]
Underfull \hbox (badness 10000) in paragraph at lines 123--124

 []


Underfull \hbox (badness 10000) in paragraph at lines 125--126

 []


Underfull \hbox (badness 10000) in paragraph at lines 127--128

 []

[4]
Cap\'{\i }tulo 2.

Underfull \hbox (badness 10000) in paragraph at lines 131--132

 []


Underfull \hbox (badness 10000) in paragraph at lines 133--134

 []


Underfull \hbox (badness 10000) in paragraph at lines 135--136

 []


Underfull \hbox (badness 10000) in paragraph at lines 137--138

 []

[5

]
Underfull \hbox (badness 10000) in paragraph at lines 139--140

 []


Underfull \hbox (badness 10000) in paragraph at lines 144--145

 []


Underfull \hbox (badness 10000) in paragraph at lines 146--147

 []


Underfull \hbox (badness 10000) in paragraph at lines 148--149

 []


Underfull \hbox (badness 10000) in paragraph at lines 150--151

 []

<Imagenes/Diagrama_ishikawa.png, id=46, 700.86844pt x 395.97937pt>
File: Imagenes/Diagrama_ishikawa.png Graphic file (type png)

<use Imagenes/Diagrama_ishikawa.png>
Package pdftex.def Info: Imagenes/Diagrama_ishikawa.png used on input line 158.

(pdftex.def)             Requested size: 341.43306pt x 192.90775pt.
 [6]
Underfull \hbox (badness 10000) in paragraph at lines 176--177

 []

[7 <./Imagenes/Diagrama_ishikawa.png>]
Underfull \hbox (badness 6893) in paragraph at lines 184--184
[]\OT1/cmr/bx/n/12 Situaci^^Son ac-
 []


Underfull \hbox (badness 10000) in paragraph at lines 184--184
[]\OT1/cmr/bx/n/12 Objetivo es-
 []


Underfull \hbox (badness 1895) in paragraph at lines 184--184
[]\OT1/cmr/bx/n/12 Resultado es-
 []


Underfull \hbox (badness 10000) in paragraph at lines 184--184
[]\OT1/cmr/bx/n/12 Criterio
 []


Overfull \hbox (1.46028pt too wide) in paragraph at lines 185--185
[]\OT1/cmr/m/n/12 Comportamiento
 []


Underfull \hbox (badness 1484) in paragraph at lines 185--185
\OT1/cmr/m/n/12 din^^Sami-co y va-
 []


Underfull \hbox (badness 10000) in paragraph at lines 185--185
\OT1/cmr/m/n/12 ria-ble en el
 []


Underfull \hbox (badness 7362) in paragraph at lines 185--185
\OT1/cmr/m/n/12 tiem-po de las
 []


Underfull \hbox (badness 4001) in paragraph at lines 185--185
[]\OT1/cmr/m/n/12 Analizar pa-tro-
 []


Underfull \hbox (badness 10000) in paragraph at lines 185--185
[]\OT1/cmr/m/n/12 Conjuntos de
 []


Underfull \hbox (badness 10000) in paragraph at lines 185--185
\OT1/cmr/m/n/12 tra-ba-jos que
 []


Underfull \hbox (badness 10000) in paragraph at lines 185--185
\OT1/cmr/m/n/12 se~nalen los
 []


Underfull \hbox (badness 10000) in paragraph at lines 185--185
\OT1/cmr/m/n/12 dis-tin-tos ti-pos
 []


Underfull \hbox (badness 1776) in paragraph at lines 185--185
\OT1/cmr/m/n/12 de pa-tro-nes de
 []


Underfull \hbox (badness 10000) in paragraph at lines 185--185
\OT1/cmr/m/n/12 com-por-ta-mien-
 []


Underfull \hbox (badness 1077) in paragraph at lines 185--185
[]\OT1/cmr/m/n/12 N^^Sume-ro de pa-
 []


Underfull \hbox (badness 1596) in paragraph at lines 185--185
\OT1/cmr/m/n/12 tro-nes de-fi-ni-dos
 []


Underfull \hbox (badness 2409) in paragraph at lines 187--187
[]\OT1/cmr/m/n/12 Variados tra-ba-
 []


Underfull \hbox (badness 1742) in paragraph at lines 187--187
\OT1/cmr/m/n/12 jos que bus-can
 []


Underfull \hbox (badness 10000) in paragraph at lines 187--187
\OT1/cmr/m/n/12 me-jo-rar la
 []


Underfull \hbox (badness 10000) in paragraph at lines 187--187
\OT1/cmr/m/n/12 efi-cien-cia del
 []


Underfull \hbox (badness 10000) in paragraph at lines 187--187
[]\OT1/cmr/m/n/12 Proponer
 []


Underfull \hbox (badness 10000) in paragraph at lines 187--187
\OT1/cmr/m/n/12 una so-lu-ci^^Son
 []


Underfull \hbox (badness 4699) in paragraph at lines 187--187
\OT1/cmr/m/n/12 red ba-sa-da en
 []


Underfull \hbox (badness 10000) in paragraph at lines 187--187
\OT1/cmr/m/n/12 con-te-ni-do con
 []


Underfull \hbox (badness 10000) in paragraph at lines 187--187
[]\OT1/cmr/m/n/12 Esquema o
 []


Underfull \hbox (badness 10000) in paragraph at lines 187--187
[]\OT1/cmr/m/n/12 Numero pa-tro-
 []


Underfull \hbox (badness 10000) in paragraph at lines 189--189
[]\OT1/cmr/m/n/12 Esquemas
 []


Underfull \hbox (badness 10000) in paragraph at lines 189--189
\OT1/cmr/m/n/12 y pol^^S^^Pti-cas
 []


Underfull \hbox (badness 10000) in paragraph at lines 189--189
\OT1/cmr/m/n/12 y re-em-pla-zo)
 []


Underfull \hbox (badness 10000) in paragraph at lines 189--189
\OT1/cmr/m/n/12 ya pre-sen-tes
 []


Underfull \hbox (badness 10000) in paragraph at lines 189--189
\OT1/cmr/m/n/12 (LFU,,FIFO,
 []


Underfull \hbox (badness 10000) in paragraph at lines 189--189
[]\OT1/cmr/m/n/12 Realizar una
 []


Underfull \hbox (badness 10000) in paragraph at lines 189--189
\OT1/cmr/m/n/12 eva-lua-ci^^Son ex-
 []


Underfull \hbox (badness 10000) in paragraph at lines 189--189
\OT1/cmr/m/n/12 pe-ri-men-tal de
 []


Underfull \hbox (badness 10000) in paragraph at lines 189--189
\OT1/cmr/m/n/12 la so-lu-ci^^Son
 []


Underfull \hbox (badness 10000) in paragraph at lines 189--189
[]\OT1/cmr/m/n/12 Tasa de
 []


Overfull \hbox (24.71855pt too wide) in paragraph at lines 182--192
[][] 
 []

[8]
Cap\'{\i }tulo 3.
<Imagenes/Linea_Temporal_ICN_limpia.png, id=61, 438.8897pt x 420.06938pt>
File: Imagenes/Linea_Temporal_ICN_limpia.png Graphic file (type png)

<use Imagenes/Linea_Temporal_ICN_limpia.png>
Package pdftex.def Info: Imagenes/Linea_Temporal_ICN_limpia.png used on input l
ine 203.
(pdftex.def)             Requested size: 293.06346pt x 280.50279pt.

Underfull \hbox (badness 10000) in paragraph at lines 208--209

 []

[9

 <./Imagenes/Linea_Temporal_ICN_limpia.png>]
Underfull \hbox (badness 10000) in paragraph at lines 210--211

 []

<Imagenes/Protocolo_IP_vs_NDN.png, id=66, 1027.84pt x 513.92pt>
File: Imagenes/Protocolo_IP_vs_NDN.png Graphic file (type png)

<use Imagenes/Protocolo_IP_vs_NDN.png>
Package pdftex.def Info: Imagenes/Protocolo_IP_vs_NDN.png used on input line 21
4.
(pdftex.def)             Requested size: 341.43306pt x 170.71548pt.

Underfull \hbox (badness 10000) in paragraph at lines 219--220

 []


Underfull \hbox (badness 10000) in paragraph at lines 221--222

 []

[10 <./Imagenes/Protocolo_IP_vs_NDN.png>]
Underfull \hbox (badness 10000) in paragraph at lines 223--224

 []

<Paquetes_NDN.png, id=71, 996.72375pt x 421.575pt>
File: Paquetes_NDN.png Graphic file (type png)
 <use Paquetes_NDN.png>
Package pdftex.def Info: Paquetes_NDN.png used on input line 227.
(pdftex.def)             Requested size: 284.52756pt x 120.3431pt.

Underfull \hbox (badness 10000) in paragraph at lines 235--236

 []


Overfull \hbox (5.86752pt too wide) in paragraph at lines 236--237
[]\OT1/cmr/bx/n/12 Almac^^Sen de con-te-ni-do (\OT1/cmr/bx/it/12 Con-tent Sto-r
e\OT1/cmr/bx/n/12 , CS): \OT1/cmr/m/n/12 El al-ma-ce-na-mien-to en \OT1/cmr/m/i
t/12 cach^^Se \OT1/cmr/m/n/12 de
 []


Underfull \hbox (badness 10000) in paragraph at lines 236--237

 []

[11 <./Paquetes_NDN.png>]
Underfull \hbox (badness 10000) in paragraph at lines 237--238

 []

<Nodo2.png, id=76, 483.30562pt x 400.49625pt>
File: Nodo2.png Graphic file (type png)
 <use Nodo2.png>
Package pdftex.def Info: Nodo2.png used on input line 242.
(pdftex.def)             Requested size: 284.52756pt x 235.78351pt.

Underfull \hbox (badness 10000) in paragraph at lines 249--250

 []

[12 <./Nodo2.png>]
Underfull \hbox (badness 10000) in paragraph at lines 263--264

 []


Underfull \hbox (badness 10000) in paragraph at lines 265--266

 []

[13]
Underfull \hbox (badness 10000) in paragraph at lines 267--268

 []


Underfull \hbox (badness 10000) in paragraph at lines 276--277

 []


Underfull \hbox (badness 10000) in paragraph at lines 278--279

 []


Underfull \hbox (badness 10000) in paragraph at lines 281--282

 []

[14]
Underfull \hbox (badness 10000) in paragraph at lines 283--284

 []


Underfull \hbox (badness 10000) in paragraph at lines 285--287

 []


Underfull \hbox (badness 10000) in paragraph at lines 295--296

 []

[15]
Underfull \hbox (badness 10000) in paragraph at lines 299--300

 []

<Imagenes/Topologia_cache_jerarquico.png, id=91, 659.46375pt x 313.9228pt>
File: Imagenes/Topologia_cache_jerarquico.png Graphic file (type png)

<use Imagenes/Topologia_cache_jerarquico.png>
Package pdftex.def Info: Imagenes/Topologia_cache_jerarquico.png used on input 
line 311.
(pdftex.def)             Requested size: 341.43306pt x 162.53665pt.
 [16]
<Imagenes/Topologia_cache_distribuido.png, id=95, 498.36188pt x 297.36093pt>
File: Imagenes/Topologia_cache_distribuido.png Graphic file (type png)

<use Imagenes/Topologia_cache_distribuido.png>
Package pdftex.def Info: Imagenes/Topologia_cache_distribuido.png used on input
 line 321.
(pdftex.def)             Requested size: 256.0748pt x 152.79547pt.

<Imagenes/Topologia_cache_hibrida.png, id=96, 457.71pt x 353.82187pt>
File: Imagenes/Topologia_cache_hibrida.png Graphic file (type png)

<use Imagenes/Topologia_cache_hibrida.png>
Package pdftex.def Info: Imagenes/Topologia_cache_hibrida.png used on input lin
e 331.
(pdftex.def)             Requested size: 256.0748pt x 197.96072pt.
 [17 <./Imagenes/Topologia_cache_jerarquico.png> <./Imagenes/Topologia_cache_di
stribuido.png>]
Underfull \hbox (badness 10000) in paragraph at lines 342--343

 []


Underfull \hbox (badness 10000) in paragraph at lines 345--346

 []

[18 <./Imagenes/Topologia_cache_hibrida.png>]
Underfull \hbox (badness 10000) in paragraph at lines 352--353

 []


Underfull \hbox (badness 10000) in paragraph at lines 357--358

 []

<18_sept_google_trend.png, id=106, 865.73438pt x 191.9672pt>
File: 18_sept_google_trend.png Graphic file (type png)

<use 18_sept_google_trend.png>
Package pdftex.def Info: 18_sept_google_trend.png used on input line 361.
(pdftex.def)             Requested size: 426.79134pt x 94.63593pt.

Underfull \hbox (badness 10000) in paragraph at lines 367--368

 []

[19] <muerte_fidel_castro.png, id=111, 847.66687pt x 184.43906pt>
File: muerte_fidel_castro.png Graphic file (type png)

<use muerte_fidel_castro.png>
Package pdftex.def Info: muerte_fidel_castro.png used on input line 371.
(pdftex.def)             Requested size: 426.79134pt x 92.86377pt.

Underfull \hbox (badness 10000) in paragraph at lines 376--377

 []

<historia_Fidel_Castro.png, id=112, 848.4197pt x 193.47281pt>
File: historia_Fidel_Castro.png Graphic file (type png)

<use historia_Fidel_Castro.png>
Package pdftex.def Info: historia_Fidel_Castro.png used on input line 380.
(pdftex.def)             Requested size: 426.79134pt x 97.32364pt.

Underfull \hbox (badness 10000) in paragraph at lines 385--386

 []

[20 <./18_sept_google_trend.png> <./muerte_fidel_castro.png>] [21 <./historia_F
idel_Castro.png>]
Underfull \hbox (badness 10000) in paragraph at lines 389--390

 []

<YouTube.png, id=122, 846.16125pt x 207.02344pt>
File: YouTube.png Graphic file (type png)
 <use YouTube.png>
Package pdftex.def Info: YouTube.png used on input line 393.
(pdftex.def)             Requested size: 426.79134pt x 104.41806pt.

Underfull \hbox (badness 10000) in paragraph at lines 398--399

 []

[22

 <./YouTube.png>]
Cap\'{\i }tulo 4.

Underfull \hbox (badness 10000) in paragraph at lines 406--407

 []

[23

]
Underfull \hbox (badness 10000) in paragraph at lines 430--431

 []


<Imagenes/Paper1.1/TablaPopularidadContenido.png, id=130, 459.21562pt x 131.742
19pt>
File: Imagenes/Paper1.1/TablaPopularidadContenido.png Graphic file (type png)
 <use Imagenes/Paper1.1/TablaPopularidadContenido.png>
Package pdftex.def Info: Imagenes/Paper1.1/TablaPopularidadContenido.png used o
n input line 443.
(pdftex.def)             Requested size: 284.52756pt x 81.63106pt.
 [24]
Underfull \hbox (badness 10000) in paragraph at lines 452--453

 []


Underfull \hbox (badness 10000) in paragraph at lines 455--456

 []


Underfull \hbox (badness 10000) in paragraph at lines 457--458

 []

<Imagenes/Paper1.1/Topologia_de_red.png, id=135, 328.22626pt x 251.43938pt>
File: Imagenes/Paper1.1/Topologia_de_red.png Graphic file (type png)

<use Imagenes/Paper1.1/Topologia_de_red.png>
Package pdftex.def Info: Imagenes/Paper1.1/Topologia_de_red.png used on input l
ine 461.
(pdftex.def)             Requested size: 284.52756pt x 217.9678pt.
 [25 <./Imagenes/Paper1.1/TablaPopularidadContenido.png>]
<Imagenes/Paper1.1/Grafico_cache_hit_vs_size.png, id=141, 389.95688pt x 325.967
82pt>
File: Imagenes/Paper1.1/Grafico_cache_hit_vs_size.png Graphic file (type png)
 <use Imagenes/Paper1.1/Grafico_cache_hit_vs_size.png>
Package pdftex.def Info: Imagenes/Paper1.1/Grafico_cache_hit_vs_size.png used o
n input line 471.
(pdftex.def)             Requested size: 227.62204pt x 190.27011pt.

<Imagenes/Paper1.1/Grafico_RendimientoRed_vs_cachesize.png, id=142, 421.575pt x
 338.01282pt>
File: Imagenes/Paper1.1/Grafico_RendimientoRed_vs_cachesize.png Graphic file (t
ype png)
 <use Imagenes/Paper1.1/Grafico_RendimientoRed_vs_cachesize.png>
Package pdftex.def Info: Imagenes/Paper1.1/Grafico_RendimientoRed_vs_cachesize.
png used on input line 478.
(pdftex.def)             Requested size: 284.52756pt x 228.13332pt.

<Imagenes/Paper1.1/Grafico_cargaservidor_vs_capacidadcache.png, id=143, 411.788
44pt x 329.73187pt>
File: Imagenes/Paper1.1/Grafico_cargaservidor_vs_capacidadcache.png Graphic fil
e (type png)

<use Imagenes/Paper1.1/Grafico_cargaservidor_vs_capacidadcache.png>
Package pdftex.def Info: Imagenes/Paper1.1/Grafico_cargaservidor_vs_capacidadca
che.png used on input line 485.
(pdftex.def)             Requested size: 284.52756pt x 227.8322pt.
 [26 <./Imagenes/Paper1.1/Topologia_de_red.png> <./Imagenes/Paper1.1/Grafico_ca
che_hit_vs_size.png>] [27 <./Imagenes/Paper1.1/Grafico_RendimientoRed_vs_caches
ize.png> <./Imagenes/Paper1.1/Grafico_cargaservidor_vs_capacidadcache.png>]
Underfull \hbox (badness 10000) in paragraph at lines 494--495

 []


Underfull \hbox (badness 10000) in paragraph at lines 496--497

 []


Underfull \hbox (badness 10000) in paragraph at lines 500--502

 []


Underfull \hbox (badness 10000) in paragraph at lines 503--505

 []

[28

]
Underfull \hbox (badness 10000) in paragraph at lines 506--507

 []

<Imagenes/Topologia_cascada.png, id=157, 630.10406pt x 165.61874pt>
File: Imagenes/Topologia_cascada.png Graphic file (type png)

<use Imagenes/Topologia_cascada.png>
Package pdftex.def Info: Imagenes/Topologia_cascada.png used on input line 515.

(pdftex.def)             Requested size: 284.52756pt x 74.7855pt.

Underfull \hbox (badness 10000) in paragraph at lines 529--530

 []

[29 <./Imagenes/Topologia_cascada.png>]
Underfull \hbox (badness 10000) in paragraph at lines 534--535

 []


Underfull \hbox (badness 10000) in paragraph at lines 536--537

 []

[30] <Imagenes/Topologia_Sprint_PoP.png, id=165, 399.74344pt x 260.47313pt>
File: Imagenes/Topologia_Sprint_PoP.png Graphic file (type png)

<use Imagenes/Topologia_Sprint_PoP.png>
Package pdftex.def Info: Imagenes/Topologia_Sprint_PoP.png used on input line 5
47.
(pdftex.def)             Requested size: 284.52756pt x 185.4062pt.

<Imagenes/Tabla_parametros.png, id=166, 525.46312pt x 207.77625pt>
File: Imagenes/Tabla_parametros.png Graphic file (type png)

<use Imagenes/Tabla_parametros.png>
Package pdftex.def Info: Imagenes/Tabla_parametros.png used on input line 554.
(pdftex.def)             Requested size: 284.52756pt x 112.51135pt.

Underfull \hbox (badness 10000) in paragraph at lines 559--560

 []

[31 <./Imagenes/Topologia_Sprint_PoP.png> <./Imagenes/Tabla_parametros.png>]
Underfull \hbox (badness 10000) in paragraph at lines 567--568

 []


Underfull \hbox (badness 10000) in paragraph at lines 570--571

 []

[32]
Underfull \hbox (badness 10000) in paragraph at lines 588--589

 []


Underfull \hbox (badness 10000) in paragraph at lines 590--591

 []


Underfull \hbox (badness 10000) in paragraph at lines 592--593

 []

[33]

LaTeX Warning: Reference `Esquemacache_2niveles' on page 34 undefined on input 
line 595.


<Imagenes/Paper2.1/EsquemaCache_2niveles.png, id=179, 737.75626pt x 184.43906pt
>
File: Imagenes/Paper2.1/EsquemaCache_2niveles.png Graphic file (type png)
 <use Imagenes/Paper2.1/EsquemaCache_2niveles.png>
Package pdftex.def Info: Imagenes/Paper2.1/EsquemaCache_2niveles.png used on in
put line 599.
(pdftex.def)             Requested size: 284.52756pt x 71.13167pt.

<Imagenes/Clasificacion_consulta_tiempo.png, id=180, 600.74437pt x 354.57469pt>
File: Imagenes/Clasificacion_consulta_tiempo.png Graphic file (type png)
<use Imagenes/Clasificacion_consulta_tiempo.png>
Package pdftex.def Info: Imagenes/Clasificacion_consulta_tiempo.png used on inp
ut line 612.
(pdftex.def)             Requested size: 241.84842pt x 142.74712pt.

Underfull \hbox (badness 10000) in paragraph at lines 617--618

 []

[34

 <./Imagenes/Paper2.1/EsquemaCache_2niveles.png> <./Imagenes/Clasificacion_cons
ulta_tiempo.png>]
Underfull \hbox (badness 10000) in paragraph at lines 619--620

 []

[35]
Underfull \hbox (badness 10000) in paragraph at lines 640--642

 []


Underfull \hbox (badness 10000) in paragraph at lines 643--644

 []

[36

] [37

]
Underfull \hbox (badness 10000) in paragraph at lines 696--697

 []

[38]
<Imagenes/PoliticaAdmi_cache_CC_UC.png, id=201, 520.94624pt x 187.45032pt>
File: Imagenes/PoliticaAdmi_cache_CC_UC.png Graphic file (type png)

<use Imagenes/PoliticaAdmi_cache_CC_UC.png>
Package pdftex.def Info: Imagenes/PoliticaAdmi_cache_CC_UC.png used on input li
ne 717.
(pdftex.def)             Requested size: 341.43306pt x 122.85664pt.

Underfull \hbox (badness 10000) in paragraph at lines 722--723

 []

[39 <./Imagenes/PoliticaAdmi_cache_CC_UC.png>]
Underfull \hbox (badness 10000) in paragraph at lines 728--729

 []

<Imagenes/Politica_TinyLFU.png, id=206, 402.00188pt x 141.52875pt>
File: Imagenes/Politica_TinyLFU.png Graphic file (type png)

<use Imagenes/Politica_TinyLFU.png>
Package pdftex.def Info: Imagenes/Politica_TinyLFU.png used on input line 732.
(pdftex.def)             Requested size: 341.43306pt x 120.20497pt.

Underfull \hbox (badness 10000) in paragraph at lines 737--738

 []


Underfull \hbox (badness 10000) in paragraph at lines 739--741

 []

[40

 <./Imagenes/Politica_TinyLFU.png>]
Cap\'{\i }tulo 5.
<Imagenes/Matriz3x3.pdf, id=211, 352.31625pt x 225.84375pt>
File: Imagenes/Matriz3x3.pdf Graphic file (type pdf)

<use Imagenes/Matriz3x3.pdf>
Package pdftex.def Info: Imagenes/Matriz3x3.pdf used on input line 755.
(pdftex.def)             Requested size: 227.62204pt x 145.91104pt.
 [41

 <./Imagenes/Matriz3x3.pdf>]
(/usr/share/texlive/texmf-dist/tex/latex/listings/lstlang1.sty
File: lstlang1.sty 2015/06/04 1.6 listings language file
)
(/usr/share/texlive/texmf-dist/tex/latex/listings/lstlang1.sty
File: lstlang1.sty 2015/06/04 1.6 listings language file
)
(/usr/share/texlive/texmf-dist/tex/latex/listings/lstmisc.sty
File: lstmisc.sty 2015/06/04 1.6 (Carsten Heinz)
)
LaTeX Font Info:    Font shape `OT1/cmtt/bx/n' in size <10> not available
(Font)              Font shape `OT1/cmtt/m/n' tried instead on input line 762.
LaTeX Font Info:    Font shape `OT1/cmtt/bx/n' in size <12> not available
(Font)              Font shape `OT1/cmtt/m/n' tried instead on input line 778.
 [42] [43]
[44]
Cap\'{\i }tulo 6.
[45

]
Cap\'{\i }tulo 7.
[46

]
Cap\'{\i }tulo 8.
(./ociamthesismain.bbl [47

]
Underfull \hbox (badness 10000) in paragraph at lines 4--6
[]\OT1/cmr/m/n/12 Future in-ter-net ar-chi-tec-tu-res -- next pha-se (fia-np) (
nsf13538).
 []


Underfull \hbox (badness 10000) in paragraph at lines 8--10
[]\OT1/cmr/m/n/12 Future in-ter-net ar-chi-tec-tu-res (fia) nsf10528.
 []

[48

] [49] [50] [51]) [52] (./ociamthesismain.aux
LaTeX Info: Redefining \. on input line 6.
LaTeX Info: Redefining \% on input line 6.
)

LaTeX Warning: There were undefined references.


LaTeX Warning: There were multiply-defined labels.

 ) 
Here is how much of TeX's memory you used:
 5653 strings out of 494891
 75818 string characters out of 6179039
 231189 words of memory out of 5000000
 8828 multiletter control sequences out of 15000+600000
 12967 words of font info for 48 fonts, out of 8000000 for 9000
 40 hyphenation exceptions out of 8191
 41i,12n,69p,1433b,1343s stack positions out of 5000i,500n,10000p,200000b,80000s
</usr/share/texlive/texmf-dist/fonts/type1/public/amsfonts/cm/cmbx10.pfb></us
r/share/texlive/texmf-dist/fonts/type1/public/amsfonts/cm/cmbx12.pfb></usr/shar
e/texlive/texmf-dist/fonts/type1/public/amsfonts/cm/cmbxti10.pfb></usr/share/te
xlive/texmf-dist/fonts/type1/public/amsfonts/cm/cmcsc10.pfb></usr/share/texlive
/texmf-dist/fonts/type1/public/amsfonts/cm/cmex10.pfb></usr/share/texlive/texmf
-dist/fonts/type1/public/amsfonts/cm/cmmi12.pfb></usr/share/texlive/texmf-dist/
fonts/type1/public/amsfonts/cm/cmmi6.pfb></usr/share/texlive/texmf-dist/fonts/t
ype1/public/amsfonts/cm/cmmi8.pfb></usr/share/texlive/texmf-dist/fonts/type1/pu
blic/amsfonts/cm/cmr10.pfb></usr/share/texlive/texmf-dist/fonts/type1/public/am
sfonts/cm/cmr12.pfb></usr/share/texlive/texmf-dist/fonts/type1/public/amsfonts/
cm/cmr6.pfb></usr/share/texlive/texmf-dist/fonts/type1/public/amsfonts/cm/cmr8.
pfb></usr/share/texlive/texmf-dist/fonts/type1/public/amsfonts/cm/cmsy10.pfb></
usr/share/texlive/texmf-dist/fonts/type1/public/amsfonts/cm/cmti12.pfb></usr/sh
are/texlive/texmf-dist/fonts/type1/public/amsfonts/cm/cmtt10.pfb>
Output written on ociamthesismain.pdf (58 pages, 1735932 bytes).
PDF statistics:
 311 PDF objects out of 1000 (max. 8388607)
 182 compressed objects within 2 object streams
 0 named destinations out of 1000 (max. 500000)
 131 words of extra memory for PDF output out of 10000 (max. 10000000)

